<?xml version="1.0" encoding="UTF-8"?>
<!-- Generated by org.testng.reporters.JUnitXMLReporter -->
<testsuite hostname="prasad" name="SeleniumTest" tests="1" failures="1" timestamp="22 Oct 2016 05:16:38 GMT" time="0.021" errors="0">
  <testcase name="login" time="0.008" classname="tests.LoginTest">
    <failure type="java.lang.NoClassDefFoundError" message="org/apache/log4j/PropertyConfigurator">
      <![CDATA[java.lang.NoClassDefFoundError: org/apache/log4j/PropertyConfigurator
	at tests.LoginTest.login(LoginTest.java:48)
Caused by: java.lang.ClassNotFoundException: org.apache.log4j.PropertyConfigurator
	at java.net.URLClassLoader.findClass(Unknown Source)
	at java.lang.ClassLoader.loadClass(Unknown Source)
	at sun.misc.Launcher$AppClassLoader.loadClass(Unknown Source)
	at java.lang.ClassLoader.loadClass(Unknown Source)
	... 24 more
... Removed 23 stack frames]]>
    </failure>
  </testcase> <!-- login -->
</testsuite> <!-- SeleniumTest -->
